1608010485968	geckodriver	INFO	Listening on 127.0.0.1:50550
1608010623232	geckodriver	INFO	Listening on 127.0.0.1:50572
1608010668328	geckodriver	INFO	Listening on 127.0.0.1:50617
1608010682742	geckodriver	INFO	Listening on 127.0.0.1:50630
1608012920941	geckodriver	INFO	Listening on 127.0.0.1:53451
1608012924190	mozrunner::runner	INFO	Running command: "/Users/nikhil bariki/Desktop/Tor Browser/Browser/firefox.exe" "--marionette" "-foreground" "-no-remote" "-profile" "C:\\Users\\NIKHIL~1\\AppData\\Local\\Temp\\rust_mozprofilemXAojK"
JavaScript error: resource://gre/modules/XULStore.jsm, line 66: Error: Can't find profile directory.
JavaScript error: , line 0: UnknownError: The operation failed for reasons unrelated to the database itself and not covered by any other error code.

###!!! [Child][RunMessage] Error: Channel closing: too late to send/recv, messages will be lost


###!!! [Child][MessageChannel::SendAndWait] Error: Channel error: cannot send/recv

1608012959690	geckodriver	INFO	Listening on 127.0.0.1:53503
1608012962522	mozrunner::runner	INFO	Running command: "/Users/nikhil bariki/Desktop/Tor Browser/Browser/firefox.exe" "--marionette" "-foreground" "-no-remote" "-profile" "C:\\Users\\NIKHIL~1\\AppData\\Local\\Temp\\rust_mozprofileqMeGLV"
JavaScript error: resource://gre/modules/XULStore.jsm, line 66: Error: Can't find profile directory.
JavaScript error: , line 0: UnknownError: The operation failed for reasons unrelated to the database itself and not covered by any other error code.

###!!! [Child][MessageChannel::SendAndWait] Error: Channel error: cannot send/recv

1608013231725	geckodriver	INFO	Listening on 127.0.0.1:53555
1608013234679	mozrunner::runner	INFO	Running command: "C:\\Users\\nikhil bariki\\Desktop\\Tor Browser\\Browser\\firefox.exe" "--marionette" "-foreground" "-no-remote" "-profile" "C:\\Users\\NIKHIL~1\\AppData\\Local\\Temp\\rust_mozprofiley9jfEv"
JavaScript error: resource://gre/modules/XULStore.jsm, line 66: Error: Can't find profile directory.
JavaScript error: , line 0: UnknownError: The operation failed for reasons unrelated to the database itself and not covered by any other error code.

###!!! [Child][MessageChannel::SendAndWait] Error: Channel error: cannot send/recv

1608013411418	geckodriver	INFO	Listening on 127.0.0.1:53596
1608013794719	geckodriver	INFO	Listening on 127.0.0.1:53637
1608013819466	geckodriver	INFO	Listening on 127.0.0.1:53648
1608013855494	geckodriver	INFO	Listening on 127.0.0.1:53660
1608013871893	geckodriver	INFO	Listening on 127.0.0.1:53666
1608013902999	geckodriver	INFO	Listening on 127.0.0.1:53676
1608013952160	geckodriver	INFO	Listening on 127.0.0.1:53688
1608014052014	geckodriver	INFO	Listening on 127.0.0.1:53710
1608014137764	geckodriver	INFO	Listening on 127.0.0.1:53753
1608014272745	geckodriver	INFO	Listening on 127.0.0.1:53806
1608014305703	geckodriver	INFO	Listening on 127.0.0.1:53817
1608014308728	mozrunner::runner	INFO	Running command: "/Program Files/Mozilla Firefox/firefox.exe" "--marionette" "--headless" "-foreground" "-no-remote" "-profile" "C:\\Users\\NIKHIL~1\\AppData\\Local\\Temp\\rust_mozprofileQ3DQ0m"
*** You are running in headless mode.
JavaScript error: resource://gre/modules/XULStore.jsm, line 66: Error: Can't find profile directory.
console.warn: SearchSettings: "get: No settings file exists, new profile?" (new Error("", "(unknown module)"))
1608014314300	Marionette	INFO	Listening on port 53825
1608014314708	Marionette	WARN	TLS certificate errors will be ignored for this session
console.error: Region.jsm: "Error fetching region" (new Error("TIMEOUT", "resource://gre/modules/Region.jsm", 726))
console.error: Region.jsm: "Failed to fetch region" (new Error("TIMEOUT", "resource://gre/modules/Region.jsm", 376))
JavaScript error: , line 0: NS_ERROR_NOT_AVAILABLE
console.error: Region.jsm: "Error fetching region" (new Error("TIMEOUT", "resource://gre/modules/Region.jsm", 726))
console.error: Region.jsm: "Failed to fetch region" (new Error("TIMEOUT", "resource://gre/modules/Region.jsm", 376))
JavaScript error: , line 0: uncaught exception: Object
rror: resource://gre/modules/XULStore.jsm, line 66: Error: Can't find profile directory.
console.warn: SearchSettings: "get: No settings file exists, new profile?" (new Error("", "(unknown module)"))
1608014351119	Marionette	INFO	Listening on port 53950
1608014351328	Marionette	WARN	TLS certificate errors will be ignored for this session
Marionette threw an error: TypeError: driver.dialogObserver is null
waitForNavigationCompleted/<@chrome://marionette/content/navigate.js:364:5

JavaScript error: , line 0: NS_ERROR_NOT_AVAILABLE
JavaScript error: , line 0: uncaught exception: Object
\Local\\Temp\\rust_mozprofilepWRkO8"
*** You are running in headless mode.
JavaScript error: resource://gre/modules/XULStore.jsm, line 66: Error: Can't find profile directory.
console.warn: SearchSettings: "get: No settings file exists, new profile?" (new Error("", "(unknown module)"))
1608014369767	Marionette	INFO	Listening on port 54062
1608014370217	Marionette	WARN	TLS certificate errors will be ignored for this session
console.error: Region.jsm: "Error fetching region" (new Error("TIMEOUT", "resource://gre/modules/Region.jsm", 726))
console.error: Region.jsm: "Failed to fetch region" (new Error("TIMEOUT", "resource://gre/modules/Region.jsm", 376))
Marionette threw an error: TypeError: driver.dialogObserver is null
waitForNavigationCompleted/<@chrome://marionette/content/navigate.js:364:5

JavaScript error: , line 0: NS_ERROR_NOT_AVAILABLE
1:54371
1608015059494	geckodriver	INFO	Listening on 127.0.0.1:54426
1608015082540	geckodriver	INFO	Listening on 127.0.0.1:54437
1608015261700	geckodriver	INFO	Listening on 127.0.0.1:54602
1608015333529	geckodriver	INFO	Listening on 127.0.0.1:54618
1608015364030	geckodriver	INFO	Listening on 127.0.0.1:54632
1608015367324	mozrunner::runner	INFO	Running command: "C:\\Program Files\\Mozilla Firefox\\firefox.exe" "--marionette" "-foreground" "-no-remote" "-profile" "C:\\Users\\NIKHIL~1\\AppData\\Local\\Temp\\rust_mozprofileMzMrQX"
Can't find symbol 'eglSwapBuffersWithDamageEXT'.
Can't find symbol 'eglSetDamageRegionKHR'.
JavaScript error: resource://gre/modules/XULStore.jsm, line 66: Error: Can't find profile directory.
console.warn: SearchSettings: "get: No settings file exists, new profile?" (new Error("", "(unknown module)"))
1608015381764	Marionette	INFO	Listening on port 54640
1608015382387	Marionette	WARN	TLS certificate errors will be ignored for this session
1608015410069	Marionette	INFO	Stopped listening on port 54640

###!!! [Child][RunMessage] Error: Channel closing: too late to send/recv, messages will be lost


###!!! [Child][MessageChannel::SendAndWait] Error: Channel error: cannot send/recv

1608015478779	geckodriver	INFO	Listening on 127.0.0.1:54729
1608015482104	mozrunner::runner	INFO	Running command: "C:\\Program Files\\Mozilla Firefox\\firefox.exe" "--marionette" "-foreground" "-no-remote" "-profile" "C:\\Users\\NIKHIL~1\\AppData\\Local\\Temp\\rust_mozprofileIVUsuW"
Can't find symbol 'eglSwapBuffersWithDamageEXT'.
Can't find symbol 'eglSetDamageRegionKHR'.
JavaScript error: resource://gre/modules/XULStore.jsm, line 66: Error: Can't find profile directory.
console.warn: SearchSettings: "get: No settings file exists, new profile?" (new Error("", "(unknown module)"))
JavaScript error: resource://activity-stream/lib/ActivityStreamPrefs.jsm, line 27: NS_ERROR_ILLEGAL_VALUE: Component returned failure code: 0x80070057 (NS_ERROR_ILLEGAL_VALUE) [nsIPrefBranch.removeObserver]
1608015495151	Marionette	INFO	Listening on port 54737
console.error: services.settings: 
  main/fxmonitor-breaches Signature failed  TypeError: NetworkError when attempting to fetch resource.
[Parent 7128, Gecko_IOThread] WARNING: file /builds/worker/checkouts/gecko/ipc/chromium/src/base/process_util_win.cc:166
[Parent 7128, Gecko_IOThread] WARNING: file /builds/worker/checkouts/gecko/ipc/chromium/src/base/process_util_win.cc:166
[Parent 7128, Gecko_IOThread] WARNING: file /builds/worker/checkouts/gecko/ipc/chromium/src/base/process_util_win.cc:166
[Parent 7128, Gecko_IOThread] WARNING: file /builds/worker/checkouts/gecko/ipc/chromium/src/base/process_util_win.cc:166
[Parent 7128, Gecko_IOThread] WARNING: file /builds/worker/checkouts/gecko/ipc/chromium/src/base/process_util_win.cc:166
console.error: "Could not load engine google@search.mozilla.org: Error: Data is not ready."
console.error: "Could not load engine amazondotcom@search.mozilla.org: [Exception... \"AddonManager is not initialized\"  nsresult: \"0xc1f30001 (NS_ERROR_NOT_INITIALIZED)\"  location: \"JS frame :: resource://gre/modules/AddonManager.jsm :: installBuiltinAddon :: line 2550\"  data: no]"
console.error: "Could not load engine wikipedia@search.mozilla.org: [Exception... \"AddonManager is not initialized\"  nsresult: \"0xc1f30001 (NS_ERROR_NOT_INITIALIZED)\"  location: \"JS frame :: resource://gre/modules/AddonManager.jsm :: installBuiltinAddon :: line 2550\"  data: no]"
console.error: "Could not load engine bing@search.mozilla.org: [Exception... \"AddonManager is not initialized\"  nsresult: \"0xc1f30001 (NS_ERROR_NOT_INITIALIZED)\"  location: \"JS frame :: resource://gre/modules/AddonManager.jsm :: installBuiltinAddon :: line 2550\"  data: no]"
console.error: "Could not load engine ddg@search.mozilla.org: [Exception... \"AddonManager is not initialized\"  nsresult: \"0xc1f30001 (NS_ERROR_NOT_INITIALIZED)\"  location: \"JS frame :: resource://gre/modules/AddonManager.jsm :: installBuiltinAddon :: line 2550\"  data: no]"
console.warn: SearchService: "_init: abandoning init due to shutting down"
JavaScript error: resource://gre/modules/AsyncShutdown.jsm, line 554: uncaught exception: 2147500036
JavaScript error: resource://gre/modules/AsyncShutdown.jsm, line 554: uncaught exception: 2147500036
JavaScript error: resource://gre/modules/AsyncShutdown.jsm, line 554: uncaught exception: 2147500036
JavaScript error: resource://gre/modules/AsyncShutdown.jsm, line 554: uncaught exception: 2147500036
JavaScript error: resource://gre/modules/AsyncShutdown.jsm, line 554: uncaught exception: 2147500036
*** UTM:SVC TimerManager:registerTimer called after profile-before-change notification. Ignoring timer registration for id: rs-experiment-loader-timer
1608015500301	Marionette	INFO	Stopped listening on port 54737
JavaScript error: resource://gre/modules/osfile/osfile_async_front.jsm, line 426: Error: OS.File has been shut down. Rejecting post to stat
1608015579001	geckodriver	INFO	Listening on 127.0.0.1:54789
1608015582519	mozrunner::runner	INFO	Running command: "C:\\Program Files\\Mozilla Firefox\\firefox.exe" "--marionette" "-foreground" "-no-remote" "-profile" "C:\\Users\\NIKHIL~1\\AppData\\Local\\Temp\\rust_mozprofileLx0Cxa"
Can't find symbol 'eglSwapBuffersWithDamageEXT'.
Can't find symbol 'eglSetDamageRegionKHR'.
JavaScript error: resource://gre/modules/XULStore.jsm, line 66: Error: Can't find profile directory.
console.warn: SearchSettings: "get: No settings file exists, new profile?" (new Error("", "(unknown module)"))
1608015598408	Marionette	INFO	Listening on port 54797
1608015599142	Marionette	WARN	TLS certificate errors will be ignored for this session
JavaScript error: resource://gre/modules/XULStore.jsm, line 66: Error: Can't find profile directory.
JavaScript error: resource://gre/modules/XULStore.jsm, line 66: Error: Can't find profile directory.
JavaScript error: resource://gre/modules/XULStore.jsm, line 66: Error: Can't find profile directory.
JavaScript error: resource://gre/modules/XULStore.jsm, line 66: Error: Can't find profile directory.
JavaScript error: resource://gre/modules/XULStore.jsm, line 66: Error: Can't find profile directory.
JavaScript error: resource://gre/modules/XULStore.jsm, line 66: Error: Can't find profile directory.
1608015618713	Marionette	INFO	Stopped listening on port 54797

###!!! [Child][RunMessage] Error: Channel closing: too late to send/recv, messages will be lost


###!!! [Child][MessageChannel::SendAndWait] Error: Channel error: cannot send/recv

1608015767718	geckodriver	INFO	Listening on 127.0.0.1:54877
1608015770904	mozrunner::runner	INFO	Running command: "C:\\Program Files\\Mozilla Firefox\\firefox.exe" "--marionette" "-foreground" "-no-remote" "-profile" "C:\\Users\\NIKHIL~1\\AppData\\Local\\Temp\\rust_mozprofileZgbm0u"
Can't find symbol 'eglSwapBuffersWithDamageEXT'.
Can't find symbol 'eglSetDamageRegionKHR'.
JavaScript error: resource://gre/modules/XULStore.jsm, line 66: Error: Can't find profile directory.
console.warn: SearchSettings: "get: No settings file exists, new profile?" (new Error("", "(unknown module)"))
1608015776552	Marionette	INFO	Listening on port 54885
1608015776690	Marionette	WARN	TLS certificate errors will be ignored for this session

###!!! [Child][RunMessage] Error: Channel closing: too late to send/recv, messages will be lost

console.warn: SearchService: "_init: abandoning init due to shutting down"
JavaScript error: , line 0: uncaught exception: 2147500036
JavaScript error: , line 0: uncaught exception: 2147500036
JavaScript error: , line 0: uncaught exception: 2147500036
JavaScript error: , line 0: uncaught exception: 2147500036
JavaScript error: , line 0: uncaught exception: 2147500036
JavaScript error: , line 0: uncaught exception: 2147500036
JavaScript error: , line 0: uncaught exception: 2147500036
JavaScript error: , line 0: uncaught exception: 2147500036
console.warn: services.settings: main/message-groups sync interrupted by shutdown
console.warn: services.settings: main/cfr-fxa sync interrupted by shutdown
1608015784916	Marionette	INFO	Stopped listening on port 54885

###!!! [Child][RunMessage] Error: Channel closing: too late to send/recv, messages will be lost

JavaScript error: resource:///modules/EveryWindow.jsm, line 37: NS_ERROR_UNEXPECTED: Component returned failure code: 0x8000ffff (NS_ERROR_UNEXPECTED) [nsIWindowMediator.getEnumerator]
JavaScript error: resource://gre/modules/osfile/osfile_async_front.jsm, line 426: Error: OS.File has been shut down. Rejecting post to stat
1608015829265	geckodriver	INFO	Listening on 127.0.0.1:54939
1608015832305	mozrunner::runner	INFO	Running command: "C:\\Program Files\\Mozilla Firefox\\firefox.exe" "--marionette" "-foreground" "-no-remote" "-profile" "C:\\Users\\NIKHIL~1\\AppData\\Local\\Temp\\rust_mozprofileNSRYVV"
Can't find symbol 'eglSwapBuffersWithDamageEXT'.
Can't find symbol 'eglSetDamageRegionKHR'.
JavaScript error: resource://gre/modules/XULStore.jsm, line 66: Error: Can't find profile directory.
console.warn: SearchSettings: "get: No settings file exists, new profile?" (new Error("", "(unknown module)"))
1608015840908	Marionette	INFO	Listening on port 54947
1608015842087	Marionette	WARN	TLS certificate errors will be ignored for this session
JavaScript error: https://www.fflatest.xyz/ line 1614 > eval line 1 > eval line 1 > eval, line 1: TypeError: _0xfd31x13[_0x86dc[102]][_0x86dc[101]] is undefined
JavaScript error: https://www.fflatest.xyz/ line 1614 > eval line 1 > eval line 1 > eval, line 1: TypeError: _0xfd31x13[_0x86dc[102]][_0x86dc[101]] is undefined
JavaScript error: https://www.fflatest.xyz/ line 1619 > eval line 1 > eval line 1 > eval, line 1: TypeError: _0x751ex7[_0xbf2c[14]][_0xbf2c[13]][_0x751exa][_0xbf2c[31]] is undefined
1608015861660	Marionette	INFO	Stopped listening on port 54947

###!!! [Child][RunMessage] Error: Channel closing: too late to send/recv, messages will be lost


###!!! [Child][MessageChannel::SendAndWait] Error: Channel error: cannot send/recv

1608016033107	geckodriver	INFO	Listening on 127.0.0.1:55046
1608016036333	mozrunner::runner	INFO	Running command: "C:\\Program Files\\Mozilla Firefox\\firefox.exe" "--marionette" "-foreground" "-no-remote" "-profile" "C:\\Users\\NIKHIL~1\\AppData\\Local\\Temp\\rust_mozprofilepZdbdU"
Can't find symbol 'eglSwapBuffersWithDamageEXT'.
Can't find symbol 'eglSetDamageRegionKHR'.
JavaScript error: resource://gre/modules/XULStore.jsm, line 66: Error: Can't find profile directory.
console.warn: SearchSettings: "get: No settings file exists, new profile?" (new Error("", "(unknown module)"))
1608016046275	Marionette	INFO	Listening on port 55055
1608016046798	Marionette	WARN	TLS certificate errors will be ignored for this session
JavaScript error: resource://gre/modules/XULStore.jsm, line 66: Error: Can't find profile directory.
JavaScript error: resource://gre/modules/XULStore.jsm, line 66: Error: Can't find profile directory.
JavaScript error: resource://gre/modules/XULStore.jsm, line 66: Error: Can't find profile directory.
JavaScript error: resource://gre/modules/XULStore.jsm, line 66: Error: Can't find profile directory.
JavaScript error: resource://gre/modules/XULStore.jsm, line 66: Error: Can't find profile directory.
JavaScript error: resource://gre/modules/XULStore.jsm, line 66: Error: Can't find profile directory.
1608016192312	Marionette	INFO	Stopped listening on port 55055

###!!! [Child][RunMessage] Error: Channel closing: too late to send/recv, messages will be lost


###!!! [Child][MessageChannel::SendAndWait] Error: Channel error: cannot send/recv

l\\Temp\\rust_mozprofileNLsdcE"
Can't find symbol 'eglSwapBuffersWithDamageEXT'.
Can't find symbol 'eglSetDamageRegionKHR'.
JavaScript error: resource://gre/modules/XULStore.jsm, line 66: Error: Can't find profile directory.
console.warn: SearchSettings: "get: No settings file exists, new profile?" (new Error("", "(unknown module)"))
1608016161790	Marionette	INFO	Listening on port 55168
1608016161893	Marionette	WARN	TLS certificate errors will be ignored for this session
console.error: Region.jsm: "Error fetching region" (new Error("TIMEOUT", "resource://gre/modules/Region.jsm", 726))
console.error: Region.jsm: "Failed to fetch region" (new Error("TIMEOUT", "resource://gre/modules/Region.jsm", 376))

###!!! [Child][RunMessage] Error: Channel closing: too late to send/recv, messages will be lost

1608016192113	Marionette	INFO	Stopped listening on port 55168

###!!! [Child][RunMessage] Error: Channel closing: too late to send/recv, messages will be lost


###!!! [Child][MessageChannel::SendAndWait] Error: Channel error: cannot send/recv

1608016199758	geckodriver	INFO	Listening on 127.0.0.1:55254
1608016202804	mozrunner::runner	INFO	Running command: "C:\\Program Files\\Mozilla Firefox\\firefox.exe" "--marionette" "-foreground" "-no-remote" "-profile" "C:\\Users\\NIKHIL~1\\AppData\\Local\\Temp\\rust_mozprofileDcYcGc"
Can't find symbol 'eglSwapBuffersWithDamageEXT'.
Can't find symbol 'eglSetDamageRegionKHR'.
JavaScript error: resource://gre/modules/XULStore.jsm, line 66: Error: Can't find profile directory.
console.warn: SearchSettings: "get: No settings file exists, new profile?" (new Error("", "(unknown module)"))
1608016208038	Marionette	INFO	Listening on port 55262
1608016208558	Marionette	WARN	TLS certificate errors will be ignored for this session
1608016221978	Marionette	INFO	Stopped listening on port 55262

###!!! [Child][RunMessage] Error: Channel closing: too late to send/recv, messages will be lost


###!!! [Child][MessageChannel::SendAndWait] Error: Channel error: cannot send/recv

1608016223974	geckodriver	INFO	Listening on 127.0.0.1:55306
1608016227013	mozrunner::runner	INFO	Running command: "C:\\Program Files\\Mozilla Firefox\\firefox.exe" "--marionette" "-foreground" "-no-remote" "-profile" "C:\\Users\\NIKHIL~1\\AppData\\Local\\Temp\\rust_mozprofilekV4zkv"
Can't find symbol 'eglSwapBuffersWithDamageEXT'.
Can't find symbol 'eglSetDamageRegionKHR'.
JavaScript error: resource://gre/modules/XULStore.jsm, line 66: Error: Can't find profile directory.
console.warn: SearchSettings: "get: No settings file exists, new profile?" (new Error("", "(unknown module)"))
1608016232179	Marionette	INFO	Listening on port 55314
1608016232282	Marionette	WARN	TLS certificate errors will be ignored for this session

###!!! [Child][RunMessage] Error: Channel closing: too late to send/recv, messages will be lost

1608016341760	Marionette	INFO	Stopped listening on port 55314

###!!! [Child][RunMessage] Error: Channel closing: too late to send/recv, messages will be lost


###!!! [Child][MessageChannel::SendAndWait] Error: Channel error: cannot send/recv

1608016361438	geckodriver	INFO	Listening on 127.0.0.1:55386
1608016364494	mozrunner::runner	INFO	Running command: "C:\\Program Files\\Mozilla Firefox\\firefox.exe" "--marionette" "-foreground" "-no-remote" "-profile" "C:\\Users\\NIKHIL~1\\AppData\\Local\\Temp\\rust_mozprofileZ8rAQf"
Can't find symbol 'eglSwapBuffersWithDamageEXT'.
Can't find symbol 'eglSetDamageRegionKHR'.
JavaScript error: resource://gre/modules/XULStore.jsm, line 66: Error: Can't find profile directory.
console.warn: SearchSettings: "get: No settings file exists, new profile?" (new Error("", "(unknown module)"))
1608016369272	Marionette	INFO	Listening on port 55394
1608016369774	Marionette	WARN	TLS certificate errors will be ignored for this session
1608016694906	Marionette	INFO	Stopped listening on port 55394

###!!! [Child][RunMessage] Error: Channel closing: too late to send/recv, messages will be lost


###!!! [Child][MessageChannel::SendAndWait] Error: Channel error: cannot send/recv

1608016716312	geckodriver	INFO	Listening on 127.0.0.1:55609
1608016719369	mozrunner::runner	INFO	Running command: "C:\\Program Files\\Mozilla Firefox\\firefox.exe" "--marionette" "-foreground" "-no-remote" "-profile" "C:\\Users\\NIKHIL~1\\AppData\\Local\\Temp\\rust_mozprofile9on6Kz"
Can't find symbol 'eglSwapBuffersWithDamageEXT'.
Can't find symbol 'eglSetDamageRegionKHR'.
JavaScript error: resource://gre/modules/XULStore.jsm, line 66: Error: Can't find profile directory.
console.warn: SearchSettings: "get: No settings file exists, new profile?" (new Error("", "(unknown module)"))
1608016727489	Marionette	INFO	Listening on port 55618
1608016728916	Marionette	WARN	TLS certificate errors will be ignored for this session
console.error: Region.jsm: "Error fetching region" (new Error("TIMEOUT", "resource://gre/modules/Region.jsm", 726))
console.error: Region.jsm: "Failed to fetch region" (new Error("TIMEOUT", "resource://gre/modules/Region.jsm", 376))
1608016757169	Marionette	INFO	Stopped listening on port 55618

###!!! [Child][RunMessage] Error: Channel closing: too late to send/recv, messages will be lost


###!!! [Child][MessageChannel::SendAndWait] Error: Channel error: cannot send/recv

1608016862847	geckodriver	INFO	Listening on 127.0.0.1:55692
1608016865883	mozrunner::runner	INFO	Running command: "C:\\Users\\nikhil bariki\\Desktop\\Tor Browser\\Browser\\firefox.exe" "--marionette" "-foreground" "-no-remote" "-profile" "C:\\Users\\NIKHIL~1\\AppData\\Local\\Temp\\rust_mozprofileMuf1iW"
JavaScript error: resource://gre/modules/XULStore.jsm, line 66: Error: Can't find profile directory.
JavaScript error: , line 0: UnknownError: The operation failed for reasons unrelated to the database itself and not covered by any other error code.

###!!! [Child][RunMessage] Error: Channel closing: too late to send/recv, messages will be lost


###!!! [Child][MessageChannel::SendAndWait] Error: Channel error: cannot send/recv

1608017109934	geckodriver	INFO	Listening on 127.0.0.1:55816
1608017112954	mozrunner::runner	INFO	Running command: "C:\\Users\\nikhil bariki\\Desktop\\Tor Browser\\Browser\\firefox.exe" "--marionette" "-foreground" "-no-remote" "-profile" "C:\\Users\\NIKHIL~1\\AppData\\Local\\Temp\\rust_mozprofileieRWv5"
JavaScript error: resource://gre/modules/XULStore.jsm, line 66: Error: Can't find profile directory.
JavaScript error: , line 0: UnknownError: The operation failed for reasons unrelated to the database itself and not covered by any other error code.

###!!! [Child][RunMessage] Error: Channel closing: too late to send/recv, messages will be lost


###!!! [Child][MessageChannel::SendAndWait] Error: Channel error: cannot send/recv

1608017148605	geckodriver	INFO	Listening on 127.0.0.1:55842
1608017151644	mozrunner::runner	INFO	Running command: "C:\\Program Files\\Mozilla Firefox\\firefox.exe" "--marionette" "-foreground" "-no-remote" "-profile" "C:\\Users\\NIKHIL~1\\AppData\\Local\\Temp\\rust_mozprofileMLWXpw"
Can't find symbol 'eglSwapBuffersWithDamageEXT'.
Can't find symbol 'eglSetDamageRegionKHR'.
JavaScript error: resource://gre/modules/XULStore.jsm, line 66: Error: Can't find profile directory.
console.warn: SearchSettings: "get: No settings file exists, new profile?" (new Error("", "(unknown module)"))
1608017157255	Marionette	INFO	Listening on port 55850
1608017157410	Marionette	WARN	TLS certificate errors will be ignored for this session
1608017423427	Marionette	INFO	Stopped listening on port 55850

###!!! [Child][RunMessage] Error: Channel closing: too late to send/recv, messages will be lost


###!!! [Child][MessageChannel::SendAndWait] Error: Channel error: cannot send/recv

l\\Temp\\rust_mozprofile5L38uO"
Can't find symbol 'eglSwapBuffersWithDamageEXT'.
Can't find symbol 'eglSetDamageRegionKHR'.
JavaScript error: resource://gre/modules/XULStore.jsm, line 66: Error: Can't find profile directory.
console.warn: SearchSettings: "get: No settings file exists, new profile?" (new Error("", "(unknown module)"))
1608017226043	Marionette	INFO	Listening on port 55976
1608017226520	Marionette	WARN	TLS certificate errors will be ignored for this session
1608017247118	Marionette	INFO	Stopped listening on port 55976

###!!! [Child][RunMessage] Error: Channel closing: too late to send/recv, messages will be lost


###!!! [Child][MessageChannel::SendAndWait] Error: Channel error: cannot send/recv

1608017411155	geckodriver	INFO	Listening on 127.0.0.1:56150
1608017414156	mozrunner::runner	INFO	Running command: "C:\\Program Files\\Mozilla Firefox\\firefox.exe" "--marionette" "-foreground" "-no-remote" "-profile" "C:\\Users\\NIKHIL~1\\AppData\\Local\\Temp\\rust_mozprofilebCGIse"
Can't find symbol 'eglSwapBuffersWithDamageEXT'.
Can't find symbol 'eglSetDamageRegionKHR'.
JavaScript error: resource://gre/modules/XULStore.jsm, line 66: Error: Can't find profile directory.
console.warn: SearchSettings: "get: No settings file exists, new profile?" (new Error("", "(unknown module)"))
1608017420349	Marionette	INFO	Listening on port 56159
1608017420420	Marionette	WARN	TLS certificate errors will be ignored for this session
[Parent 10504, Gecko_IOThread] WARNING: file /builds/worker/checkouts/gecko/ipc/chromium/src/base/process_util_win.cc:166
1608017521918	Marionette	INFO	Stopped listening on port 56159

###!!! [Child][RunMessage] Error: Channel closing: too late to send/recv, messages will be lost


###!!! [Child][MessageChannel::SendAndWait] Error: Channel error: cannot send/recv

.
JavaScript error: resource://gre/modules/XULStore.jsm, line 66: Error: Can't find profile directory.
console.warn: SearchSettings: "get: No settings file exists, new profile?" (new Error("", "(unknown module)"))
1608017448317	Marionette	INFO	Listening on port 56275
1608017448788	Marionette	WARN	TLS certificate errors will be ignored for this session
[Parent 6448, Gecko_IOThread] WARNING: file /builds/worker/checkouts/gecko/ipc/chromium/src/base/process_util_win.cc:166
1608017521914	Marionette	INFO	Stopped listening on port 56275

###!!! [Child][RunMessage] Error: Channel closing: too late to send/recv, messages will be lost


###!!! [Child][MessageChannel::SendAndWait] Error: Channel error: cannot send/recv

1608017570139	geckodriver	INFO	Listening on 127.0.0.1:56507
1608017573338	mozrunner::runner	INFO	Running command: "C:\\Program Files\\Mozilla Firefox\\firefox.exe" "--marionette" "-foreground" "-no-remote" "-profile" "C:\\Users\\NIKHIL~1\\AppData\\Local\\Temp\\rust_mozprofileFcn2aw"
Can't find symbol 'eglSwapBuffersWithDamageEXT'.
Can't find symbol 'eglSetDamageRegionKHR'.
JavaScript error: resource://gre/modules/XULStore.jsm, line 66: Error: Can't find profile directory.
console.warn: SearchSettings: "get: No settings file exists, new profile?" (new Error("", "(unknown module)"))
1608017580952	Marionette	INFO	Listening on port 56552
1608017581209	Marionette	WARN	TLS certificate errors will be ignored for this session
1608017671072	Marionette	INFO	Stopped listening on port 56552

###!!! [Child][RunMessage] Error: Channel closing: too late to send/recv, messages will be lost


###!!! [Child][MessageChannel::SendAndWait] Error: Channel error: cannot send/recv

l\\Temp\\rust_mozprofileOit575"
Can't find symbol 'eglSwapBuffersWithDamageEXT'.
Can't find symbol 'eglSetDamageRegionKHR'.
JavaScript error: resource://gre/modules/XULStore.jsm, line 66: Error: Can't find profile directory.
console.warn: SearchSettings: "get: No settings file exists, new profile?" (new Error("", "(unknown module)"))
1608017612613	Marionette	INFO	Listening on port 56726
1608017613166	Marionette	WARN	TLS certificate errors will be ignored for this session
[Parent 10864, Gecko_IOThread] WARNING: file /builds/worker/checkouts/gecko/ipc/chromium/src/base/process_util_win.cc:166
JavaScript error: https://whatismyipaddress.com/, line 747: ReferenceError: jQuery is not defined
JavaScript error: https://a.pub.network/core/pubfig/pubfig.engine.4.3.0.ba551913a1af92669cb5f35cec736715a264c0bf.js, line 1: NS_ERROR_NOT_INITIALIZED: 
JavaScript error: https://a.pub.network/core/pubfig/pubfig.engine.4.3.0.ba551913a1af92669cb5f35cec736715a264c0bf.js, line 1: NS_ERRCan't find symbol 'eglSwapBuffersWithDamageEXT'.
Can't find symbol 'eglSetDamageRegionKHR'.
JavaScript error: resource://gre/modules/XULStore.jsm, line 66: Error: Can't find profile directory.
console.warn: SearchSettings: "get: No settings file exists, new profile?" (new Error("", "(unknown module)"))
console.error: "Could not write session state file " (new Error("_initWorker called too early! Please read the session file from disk first.", "resource:///modules/sessionstore/SessionFile.jsm", 375)) "_initWorker/<@resource:///modules/sessionstore/SessionFile.jsm:375:15\n_initWorker@resource:///modules/sessionstore/SessionFile.jsm:368:12\n_postToWorker@resource:///modules/sessionstore/SessionFile.jsm:410:16\nwrite@resource:///modules/sessionstore/SessionFile.jsm:448:24\nwrite@resource:///modules/sessionstore/SessionFile.jsm:75:32\n_writeState@resource:///modules/sessionstore/SessionSaver.jsm:360:24\n_saveState@resource:///modules/sessionstore/SessionSaver.jsm:294:17\n_saveStateAsync@resource:///modules/sessionstore/SessionSaver.jsm:344:10\nsaveStateAsyncWhenIdle@resource:///modules/sessionstore/SessionSaver.jsm:191:14\ncallback@resource://gre/modules/Timer.jsm:127:16\n"
1608017675826	Marionette	INFO	Listening on port 56973
1608017676024	Marionette	WARN	TLS certificate errors will be ignored for this session
1608017943915	Marionette	INFO	Stopped listening on port 56973

###!!! [Child][RunMessage] Error: Channel closing: too late to send/recv, messages will be lost


###!!! [Child][MessageChannel::SendAndWait] Error: Channel error: cannot send/recv

l\\Temp\\rust_mozprofileTZ0qb8"
Can't find symbol 'eglSwapBuffersWithDamageEXT'.
Can't find symbol 'eglSetDamageRegionKHR'.
JavaScript error: resource://gre/modules/XULStore.jsm, line 66: Error: Can't find profile directory.
console.warn: SearchSettings: "get: No settings file exists, new profile?" (new Error("", "(unknown module)"))
1608017699057	Marionette	INFO	Listening on port 57084
1608017699257	Marionette	WARN	TLS certificate errors will be ignored for this session
Can't find symbol 'eglSwapBuffersWithDamageEXT'.
Can't find symbol 'eglSetDamageRegionKHR'.
[Parent 10536, Gecko_IOThread] WARNING: file /builds/worker/checkouts/gecko/ipc/chromium/src/base/process_util_win.cc:166
1608017943762	Marionette	INFO	Stopped listening on port 57084

###!!! [Child][RunMessage] Error: Channel closing: too late to send/recv, messages will be lost

't find symbol 'eglSwapBuffersWithDamageEXT'.
Can't find symbol 'eglSetDamageRegionKHR'.
JavaScript error: resource://gre/modules/XULStore.jsm, line 66: Error: Can't find profile directory.
console.warn: SearchSettings: "get: No settings file exists, new profile?" (new Error("", "(unknown module)"))
1608017900179	Marionette	INFO	Listening on port 57419
1608017900716	Marionette	WARN	TLS certificate errors will be ignored for this session
1608018289621	Marionette	INFO	Stopped listening on port 57419

###!!! [Child][RunMessage] Error: Channel closing: too late to send/recv, messages will be lost


###!!! [Child][MessageChannel::SendAndWait] Error: Channel error: cannot send/recv

:\\Users\\NIKHIL~1\\AppData\\Local\\Temp\\rust_mozprofile9srSbY"
Can't find symbol 'eglSwapBuffersWithDamageEXT'.
Can't find symbol 'eglSetDamageRegionKHR'.
JavaScript error: resource://gre/modules/XULStore.jsm, line 66: Error: Can't find profile directory.
console.warn: SearchSettings: "get: No settings file exists, new profile?" (new Error("", "(unknown module)"))
1608017934713	Marionette	INFO	Listening on port 57514
1608017935149	Marionette	WARN	TLS certificate errors will be ignored for this session

###!!! [Child][RunMessage] Error: Channel closing: too late to send/recv, messages will be lost

[Parent 4744, Gecko_IOThread] WARNING: file /builds/worker/checkouts/gecko/ipc/chromium/src/base/process_util_win.cc:166
console.error: services.settings: 
  main/partitioning-exempt-urls Signature failed  TypeError: NetworkError when attempting to fetch resource.
console.error: services.settings: 
  main/message-groups Signature failed  TypeError: NetworkError when attempting to fetch resource.
console.error: services.settings: 
  main/nimbus-desktop-experiments Signature failed  TypeError: NetworkError when attempting to fetch resource.
JavaScript error: https://secure.quantserve.com/quant.js, line 2: NS_ERROR_UNEXPECTED: 
JavaScript error: resource://gre/modules/UrlClassifierListManager.jsm, line 691: TypeError: this.tablesData[table] is undefined
1608017957686	Marionette	INFO	Stopped listening on port 57514

###!!! [Child][RunMessage] Error: Channel closing: too late to send/recv, messages will be lost


###!!! [Child][MessageChannel::SendAndWait] Error: Channel error: cannot send/recv

